SUCCESS!

2017-12-01 at 07:05:24 Generate AppaAppsPhotoApp version 20171126-222 philiprbrenan/GoneFishing

2017-12-01 at 07:05:28 Step: parseSource
2017-12-01 at 07:05:28 <b>Good source file!</b>
2017-12-01 at 07:05:28 Step: loadAssets
2017-12-01 at 07:05:51 0 new, 624 reused audio files
2017-12-01 at 07:05:51 Step: multiplyPhotosByFacts
2017-12-01 at 07:05:51 Step: genJavaManifest
2017-12-01 at 07:05:51 Step: genJsonManifest
2017-12-01 at 07:05:51 Step: genGameHtml
2017-12-01 at 07:05:51 Step: genHtmlAssets
2017-12-01 at 07:05:51 Step: zipAssets
2017-12-01 at 07:05:51 Step: compileApp
2017-12-01 at 07:05:57 Step: copyLinksToGitHub
2017-12-01 at 07:06:01 Step: copyFilesIntoPositionOnWebServer
--------------------------------------------------------------------------------
do {
  my $a = bless({
    android       => bless({
                       action        => "run",
                       activity      => "Activity",
                       buildFolder   => "/tmp/AppaAppsPhotoApp/build/",
                       buildTools    => "/home/phil/Android/sdk/build-tools/25.0.2/",
                       debug         => 0,
                       device        => "-s emulator-5554",
                       home          => "/home/phil/AppaAppsPhotoApp/",
                       icon          => "/home/phil/audioImageCache/images/StripedBass.jpg",
                       keyAlias      => "genApp",
                       keyStoreFile  => "/home/phil/AppaAppsPhotoApp/keys/genApp.keystore",
                       keyStorePwd   => "genApp",
                       libs          => [],
                       log           => [
                                          "",
                                          "",
                                          "libpng error: Read Error\nCrunching PNG Files in source dir: /tmp/AppaAppsPhotoApp/build/res/\nTo destination dir: /tmp/AppaAppsPhotoApp/build/bin//tmp/AppaAppsPhotoApp/build/res",
                                          "",
                                          "Enter Passphrase for keystore: jar signed.\n\nWarning: \nNo -tsa or -tsacert is provided and this jar is not timestamped. Without a timestamp, users may not be able to validate this jar after the signer certificate's expiration date (2044-09-10) or after any future revocation date.",
                                          "",
                                        ],
                       package       => "com.appaapps.photoapp.philiprbrenanGoneFishing",
                       parameters    => "1512111951,philiprbrenan,GoneFishing,,http://www.appaapps.com/users/philiprbrenan/GoneFishing/zip/philiprbrenanGoneFishing.zip,Gone Fishing in the USA",
                       permissions   => ["INTERNET", "ACCESS_NETWORK_STATE", "WRITE_EXTERNAL_STORAGE"],
                       platform      => "/home/phil/Android/sdk/platforms/android-25/",
                       platformTools => "/home/phil/Android/sdk/platform-tools/",
                       sdkLevels     => [15, 25],
                       src           => [
                                          "/home/phil/java/appState/AppState.java",
                                          "/home/phil/java/choices/Choices.java",
                                          "/home/phil/java/coloursTransformed/ColoursTransformed.java",
                                          "/home/phil/java/download/Download.java",
                                          "/home/phil/java/email/Email.java",
                                          "/home/phil/java/fourier/Fourier.java",
                                          "/home/phil/java/gradients/Gradients.java",
                                          "/home/phil/java/log/Log.java",
                                          "/home/phil/java/maths/Maths.java",
                                          "/home/phil/java/randomChoice/RandomChoice.java",
                                          "/home/phil/java/save/Save.java",
                                          "/home/phil/java/sound/Midi.java",
                                          "/home/phil/java/sound/Speech.java",
                                          "/home/phil/java/svg/Svg.java",
                                          "/home/phil/java/unpackappdescription/Unpackappdescription.java",
                                          "/home/phil/java/upload/UploadStream.java",
                                          "/home/phil/java/upload/GitHubUploadStream.java",
                                          "/home/phil/java/unzip/Unzip.java",
                                        ],
                       title         => "Gone Fishing in the USA",
                       verifyApk     => undef,
                       version       => 20171201,
                     }, "Android::Build"),
    app           => bless({
                       cmd => "app",
                       end => 5,
                       index => 0,
                       name => "GoneFishing",
                       parsedKeys => bless({
                         author      => "philiprbrenan",
                         cmd         => "app",
                         email       => "philiprbrenan\@gmail.com",
                         icon        => "Striped Bass.jpg",
                         language    => "en",
                         maximages   => 8,
                         name        => "GoneFishing",
                         ordered     => "never",
                         rightInARow => 7,
                         speakers    => "Aditi Amy Brian Emma Geraint Ivy Joanna Joey Justin Kendra Kimberly Matthew Nicole Raveena Russell Salli",
                         title       => "Gone Fishing in the USA",
                         version     => "2017-12-01 at 07:05:28",
                       }, "ParsedKeys"),
                       start => 1,
                       title => "Gone Fishing in the USA",
                       titleFile => undef,
                     }, "ParsedCmd"),
    error         => 0,
    iconFile      => "/home/phil/audioImageCache/images/StripedBass.jpg",
    log           => [
                       "\n2017-12-01 at 07:05:24 Generate AppaAppsPhotoApp version 20171126-222 philiprbrenan/GoneFishing\n",
                       "2017-12-01 at 07:05:28 Step: parseSource",
                       "2017-12-01 at 07:05:28 <b>Good source file!</b>",
                       "2017-12-01 at 07:05:28 Step: loadAssets",
                       "2017-12-01 at 07:05:51 0 new, 624 reused audio files",
                       "2017-12-01 at 07:05:51 Step: multiplyPhotosByFacts",
                       "2017-12-01 at 07:05:51 Step: genJavaManifest",
                       "2017-12-01 at 07:05:51 Step: genJsonManifest",
                       "2017-12-01 at 07:05:51 Step: genGameHtml",
                       "2017-12-01 at 07:05:51 Step: genHtmlAssets",
                       "2017-12-01 at 07:05:51 Step: zipAssets",
                       "2017-12-01 at 07:05:51 Step: compileApp",
                       "2017-12-01 at 07:05:57 Step: copyLinksToGitHub",
                       "2017-12-01 at 07:06:01 Step: copyFilesIntoPositionOnWebServer",
                     ],
    parsedCmds    => [
                       'fix',
                       bless({
                         cmd => "photo",
                         end => 12,
                         index => 0,
                         name => "Shark.Blacktip",
                         parsedKeys => bless({
                           cmd       => "photo",
                           height    => 1536,
                           level     => 1,
                           name      => "Shark.Blacktip",
                           title     => "Blacktip shark",
                           titleFile => "Blacktipshark",
                           url       => "Blacktip shark.JPG",
                           width     => 2048,
                           wiki      => "https://en.wikipedia.org/wiki/Blacktip_shark",
                         }, "ParsedKeys"),
                         say => undef,
                         start => 10,
                         title => "Blacktip shark",
                         titleFile => "Blacktipshark",
                       }, "ParsedCmd"),
                       bless({
                         cmd => "fact",
                         end => 15,
                         index => 0,
                         name => "Shark.Blacktip.1",
                         parsedKeys => bless({
                           aspect => "latin",
                           cmd => "fact",
                           name => "Shark.Blacktip.1",
                           title => "Carcharhinus limbatus",
                           titleFile => "Carcharhinuslimbatus",
                         }, "ParsedKeys"),
                         say => undef,
                         start => 14,
                         title => "Carcharhinus limbatus",
                         titleFile => "Carcharhinuslimbatus",
                       }, "ParsedCmd"),
                       bless({
                         cmd => "fact",
                         end => 17,
                         index => 1,
                         name => "Shark.Blacktip.2",
                         parsedKeys => bless({
                           aspect => "location",
                           cmd => "fact",
                           name => "Shark.Blacktip.2",
                           title => "Galveston",
                           titleFile => "Galveston",
                         }, "ParsedKeys"),
                         say => undef,
                         start => 16,
                         title => "Galveston",
                         titleFile => "Galveston",
                       }, "ParsedCmd"),
                       bless({
                         cmd => "fact",
                         end => 19,
                         index => 2,
                         name => "Shark.Blacktip.3",
                         parsedKeys => bless({
                           aspect => "method",
                           cmd => "fact",
                           name => "Shark.Blacktip.3",
                           title => "Drifting a dead menhaden",
                           titleFile => "Driftingadeadmenhaden",
                         }, "ParsedKeys"),
                         say => undef,
                         start => 18,
                         title => "Drifting a dead menhaden",
                         titleFile => "Driftingadeadmenhaden",
                       }, "ParsedCmd"),
                       bless({
                         cmd => "fact",
                         end => 21,
                         index => 3,
                         name => "Shark.Blacktip.4",
                         parsedKeys => bless({
                           aspect => "weight",
                           cmd => "fact",
                           name => "Shark.Blacktip.4",
                           title => "Forty pounds",
                           titleFile => "Fortypounds",
                         }, "ParsedKeys"),
                         say => undef,
                         start => 20,
                         title => "Forty pounds",
                         titleFile => "Fortypounds",
                       }, "ParsedCmd"),
                       bless({
                         cmd => "fact",
                         end => 22,
                         index => 4,
                         name => "Shark.Blacktip.5",
                         parsedKeys => bless({
                           cmd => "fact",
                           name => "Shark.Blacktip.5",
                           title => "Timid yet will attack people for food",
                           titleFile => "Timidyetwillattackpeopleforfood",
                         }, "ParsedKeys"),
                         say => undef,
                         start => 22,
                         title => "Timid yet will attack people for food",
                         titleFile => "Timidyetwillattackpeopleforfood",
                       }, "ParsedCmd"),
                       bless({
                         cmd => "fact",
                         end => 23,
                         index => 5,
                         name => "Shark.Blacktip.6",
                         parsedKeys => bless({
                           cmd => "fact",
                           name => "Shark.Blacktip.6",
                           title => "Makes spinning leaps when attacking schools of small fish",
                           titleFile => "Makesspinningleapswhenattackingschoolsofsmallfish",
                         }, "ParsedKeys"),
                         say => undef,
                         start => 23,
                         title => "Makes spinning leaps when attacking schools of small fish",
                         titleFile => "Makesspinningleapswhenattackingschoolsofsmallfish",
                       }, "ParsedCmd"),
                       bless({
                         cmd => "photo",
                         end => 30,
                         index => 1,
                         name => "Trout.Brown",
                         parsedKeys => bless({
                           cmd       => "photo",
                           height    => 3264,
                           level     => 1,
                           name      => "Trout.Brown",
                           title     => "Brown Trout",
                           titleFile => "BrownTrout",
                           url       => "Brown Trout.jpg",
                           width     => 1840,
                           wiki      => "https://en.wikipedia.org/wiki/Brown_trout",
                         }, "ParsedKeys"),
                         say => undef,
                         start => 28,
                         title => "Brown Trout",
                         titleFile => "BrownTrout",
                       }, "ParsedCmd"),
                       bless({
                         cmd => "fact",
                         end => 33,
                         index => 6,
                         name => "Trout",
                         parsedKeys => bless({
                           aspect => "latin",
                           cmd => "fact",
                           name => "Trout",
                           title => "Salmo trutta",
                           titleFile => "Salmotrutta",
                         }, "ParsedKeys"),
                         say => undef,
                         start => 32,
                         title => "Salmo trutta",
                         titleFile => "Salmotrutta",
                       }, "ParsedCmd"),
                       bless({
                         cmd => "fact",
                         end => 35,
                         index => 7,
                         name => "Trout.Brown.1",
                         parsedKeys => bless({
                           aspect => "location",
                           cmd => "fact",
                           name => "Trout.Brown.1",
                           title => "Little Juniata River near Alexandria",
                           titleFile => "LittleJuniataRivernearAlexandria",
                         }, "ParsedKeys"),
                         say => undef,
                         start => 34,
                         title => "Little Juniata River near Alexandria",
                         titleFile => "LittleJuniataRivernearAlexandria",
                       }, "ParsedCmd"),
                       bless({
                         cmd => "fact",
                         end => 37,
                         index => 8,
                         name => "Trout.Brown.2",
                         parsedKeys => bless({
                           aspect => "method",
                           cmd => "fact",
                           name => "Trout.Brown.2",
                           title => "Size 12 peeking caddis fly",
                           titleFile => "Size12peekingcaddisfly",
                         }, "ParsedKeys"),
                         say => undef,
                         start => 36,
                         title => "Size 12 peeking caddis fly",
                         titleFile => "Size12peekingcaddisfly",
                       }, "ParsedCmd"),
                       bless({
                         cmd => "fact",
                         end => 39,
                         index => 9,
                         name => "Trout.Brown.3",
                         parsedKeys => bless({
                           aspect => "weight",
                           cmd => "fact",
                           name => "Trout.Brown.3",
                           title => "Two pounds",
                           titleFile => "Twopounds",
                         }, "ParsedKeys"),
                         say => undef,
                         start => 38,
                         title => "Two pounds",
                         titleFile => "Twopounds",
                       }, "ParsedCmd"),
                       bless({
                         cmd => "photo",
                         end => 46,
                         index => 2,
                         name => "Jack.Crevalle",
                         parsedKeys => bless({
                           cmd       => "photo",
                           height    => 2048,
                           level     => 1,
                           name      => "Jack.Crevalle",
                           title     => "Jack Crevalle",
                           titleFile => "JackCrevalle",
                           url       => "Jack Crevalle.JPG",
                           width     => 1536,
                           wiki      => "https://en.wikipedia.org/wiki/Crevalle_jack",
                         }, "ParsedKeys"),
                         say => undef,
                         start => 44,
                         title => "Jack Crevalle",
                         titleFile => "JackCrevalle",
                       }, "ParsedCmd"),
                       bless({
                         cmd => "fact",
                         end => 49,
                         index => 10,
                         name => "Jack.Crevalle.1",
                         parsedKeys => bless({
                           aspect => "latin",
                           cmd => "fact",
                           name => "Jack.Crevalle.1",
                           title => "Caranx hippos",
                           titleFile => "Caranxhippos",
                         }, "ParsedKeys"),
                         say => undef,
                         start => 48,
                         title => "Caranx hippos",
                         titleFile => "Caranxhippos",
                       }, "ParsedCmd"),
                       bless({
                         cmd => "fact",
                         end => 51,
                         index => 11,
                         name => "Jack.Crevalle.2",
                         parsedKeys => bless({
                           aspect => "location",
                           cmd => "fact",
                           name => "Jack.Crevalle.2",
                           title => "Galveston",
                           titleFile => "Galveston1",
                         }, "ParsedKeys"),
                         say => undef,
                         start => 50,
                         title => "Galveston",
                         titleFile => "Galveston1",
                       }, "ParsedCmd"),
                       bless({
                         cmd => "fact",
                         end => 53,
                         index => 12,
                         name => "Jack.Crevalle.3",
                         parsedKeys => bless({
                           aspect => "method",
                           cmd => "fact",
                           name => "Jack.Crevalle.3",
                           title => "Caught drifting a dead menhaden",
                           titleFile => "Caughtdriftingadeadmenhaden",
                         }, "ParsedKeys"),
                         say => undef,
                         start => 52,
                         title => "Caught drifting a dead menhaden",
                         titleFile => "Caughtdriftingadeadmenhaden",
                       }, "ParsedCmd"),
                       bless({
                         cmd => "fact",
                         end => 55,
                         index => 13,
                         name => "Jack.Crevalle.4",
                         parsedKeys => bless({
                           aspect => "weight",
                           cmd => "fact",
                           name => "Jack.Crevalle.4",
                           title => "Fifteen pounds",
                           titleFile => "Fifteenpounds",
                         }, "ParsedKeys"),
                         say => undef,
                         start => 54,
                         title => "Fifteen pounds",
                         titleFile => "Fifteenpounds",
                       }, "ParsedCmd"),
                       bless({
                         cmd => "fact",
                         end => 56,
                         index => 14,
                         name => "Jack.Crevalle.5",
                         parsedKeys => bless({
                           cmd => "fact",
                           name => "Jack.Crevalle.5",
                           title => "Caudal fin is strongly forked",
                           titleFile => "Caudalfinisstronglyforked",
                         }, "ParsedKeys"),
                         say => undef,
                         start => 56,
                         title => "Caudal fin is strongly forked",
                         titleFile => "Caudalfinisstronglyforked",
                       }, "ParsedCmd"),
                       bless({
                         cmd => "fact",
                         end => 57,
                         index => 15,
                         name => "Jack.Crevalle.6",
                         parsedKeys => bless({
                           cmd => "fact",
                           name => "Jack.Crevalle.6",
                           title => "Well-developed adipose eyelid",
                           titleFile => "Welldevelopedadiposeeyelid",
                         }, "ParsedKeys"),
                         say => undef,
                         start => 57,
                         title => "Well-developed adipose eyelid",
                         titleFile => "Welldevelopedadiposeeyelid",
                       }, "ParsedCmd"),
                       bless({
                         cmd => "photo",
                         end => 64,
                         index => 3,
                         name => "Bass.Smallmouth",
                         parsedKeys => bless({
                           cmd       => "photo",
                           height    => 1840,
                           level     => 1,
                           name      => "Bass.Smallmouth",
                           title     => "Smallmouth Bass",
                           titleFile => "SmallmouthBass",
                           url       => "Smallmouth Bass.jpg",
                           width     => 3264,
                           wiki      => "https://en.wikipedia.org/wiki/Smallmouth_bass",
                         }, "ParsedKeys"),
                         say => undef,
                         start => 62,
                         title => "Smallmouth Bass",
                         titleFile => "SmallmouthBass",
                       }, "ParsedCmd"),
                       bless({
                         cmd => "fact",
                         end => 67,
                         index => 16,
                         name => "Bass.Smallmouth.1",
                         parsedKeys => bless({
                           aspect => "latin",
                           cmd => "fact",
                           name => "Bass.Smallmouth.1",
                           title => "Micropterus dolomieu",
                           titleFile => "Micropterusdolomieu",
                         }, "ParsedKeys"),
                         say => undef,
                         start => 66,
                         title => "Micropterus dolomieu",
                         titleFile => "Micropterusdolomieu",
                       }, "ParsedCmd"),
                       bless({
                         cmd => "fact",
                         end => 69,
                         index => 17,
                         name => "Bass.Smallmouth.2",
                         parsedKeys => bless({
                           aspect => "location",
                           cmd => "fact",
                           name => "Bass.Smallmouth.2",
                           title => "Allegheny River at Tionesta",
                           titleFile => "AlleghenyRiveratTionesta",
                         }, "ParsedKeys"),
                         say => undef,
                         start => 68,
                         title => "Allegheny River at Tionesta",
                         titleFile => "AlleghenyRiveratTionesta",
                       }, "ParsedCmd"),
                       bless({
                         cmd => "fact",
                         end => 71,
                         index => 18,
                         name => "Bass.Smallmouth.3",
                         parsedKeys => bless({
                           aspect => "method",
                           cmd => "fact",
                           name => "Bass.Smallmouth.3",
                           title => "Jerk bait",
                           titleFile => "Jerkbait",
                         }, "ParsedKeys"),
                         say => undef,
                         start => 70,
                         title => "Jerk bait",
                         titleFile => "Jerkbait",
                       }, "ParsedCmd"),
                       bless({
                         cmd => "fact",
                         end => 73,
                         index => 19,
                         name => "Bass.Smallmouth.4",
                         parsedKeys => bless({
                           aspect => "weight",
                           cmd => "fact",
                           name => "Bass.Smallmouth.4",
                           title => "Three pounds",
                           titleFile => "Threepounds",
                         }, "ParsedKeys"),
                         say => undef,
                         start => 72,
                         title => "Three pounds",
                         titleFile => "Threepounds",
                       }, "ParsedCmd"),
                       bless({
                         cmd => "fact",
                         end => 75,
                         index => 20,
                         name => "Bass.Smallmouth.5",
                         parsedKeys => bless({
                           aspect => "location",
                           cmd => "fact",
                           name => "Bass.Smallmouth.5",
                           title => "Native to the Mississippi",
                           titleFile => "NativetotheMississippi",
                         }, "ParsedKeys"),
                         say => undef,
                         start => 74,
                         title => "Native to the Mississippi",
                         titleFile => "NativetotheMississippi",
                       }, "ParsedCmd"),
                       bless({
                         cmd => "fact",
                         end => 77,
                         index => 21,
                         name => "Bass.Smallmouth.6",
                         parsedKeys => bless({
                           aspect => "strangeButTrue",
                           cmd => "fact",
                           name => "Bass.Smallmouth.6",
                           title => "Transplanted through USA in buckets and barrels by rail",
                           titleFile => "TransplantedthroughUSAinbucketsandbarrelsbyrail",
                         }, "ParsedKeys"),
                         say => undef,
                         start => 76,
                         title => "Transplanted through USA in buckets and barrels by rail",
                         titleFile => "TransplantedthroughUSAinbucketsandbarrelsbyrail",
                       }, "ParsedCmd"),
                       bless({
                         cmd => "photo",
                         end => 84,
                         index => 4,
                         name => "Trout.Speckled",
                         parsedKeys => bless({
                           cmd       => "photo",
                           height    => 3024,
                           level     => 1,
                           name      => "Trout.Speckled",
                           title     => "Speckled Trout",
                           titleFile => "SpeckledTrout",
                           url       => "SpeckledTrout.jpg",
                           width     => 4032,
                           wiki      => "https://en.wikipedia.org/wiki/Brown_trout",
                         }, "ParsedKeys"),
                         say => undef,
                         start => 82,
                         title => "Speckled Trout",
                         titleFile => "SpeckledTrout",
                       }, "ParsedCmd"),
                       bless({
                         cmd => "fact",
                         end => 87,
                         index => 22,
                         name => "Trout.Speckled.1",
                         parsedKeys => bless({
                           aspect => "location",
                           cmd => "fact",
                           name => "Trout.Speckled.1",
                           title => "South Platte River near Lake George",
                           titleFile => "SouthPlatteRivernearLakeGeorge",
                         }, "ParsedKeys"),
                         say => undef,
                         start => 86,
                         title => "South Platte River near Lake George",
                         titleFile => "SouthPlatteRivernearLakeGeorge",
                       }, "ParsedCmd"),
                       bless({
                         cmd => "fact",
                         end => 89,
                         index => 23,
                         name => "Trout.Speckled.2",
                         parsedKeys => bless({
                           aspect => "method",
                           cmd => "fact",
                           name => "Trout.Speckled.2",
                           title => "Size 20 rs2 fly",
                           titleFile => "Size20rs2fly",
                         }, "ParsedKeys"),
                         say => undef,
                         start => 88,
                         title => "Size 20 rs2 fly",
                         titleFile => "Size20rs2fly",
                       }, "ParsedCmd"),
                       bless({
                         cmd => "fact",
                         end => 91,
                         index => 24,
                         name => "Trout.Speckled.3",
                         parsedKeys => bless({
                           aspect => "weight",
                           cmd => "fact",
                           name => "Trout.Speckled.3",
                           title => "Six pounds",
                           titleFile => "Sixpounds",
                         }, "ParsedKeys"),
                         say => undef,
                         start => 90,
                         title => "Six pounds",
                         titleFile => "Sixpounds",
                       }, "ParsedCmd"),
                       bless({
                         cmd => "fact",
                         end => 92,
                         index => 25,
                         name => "Trout.Speckled.4",
                         parsedKeys => bless({
                           cmd => "fact",
                           name => "Trout.Speckled.4",
                           title => "Closely related to the Atlantic salmon",
                           titleFile => "CloselyrelatedtotheAtlanticsalmon",
                         }, "ParsedKeys"),
                         say => undef,
                         start => 92,
                         title => "Closely related to the Atlantic salmon",
                         titleFile => "CloselyrelatedtotheAtlanticsalmon",
                       }, "ParsedCmd"),
                       bless({
                         cmd => "fact",
                         end => 93,
                         index => 26,
                         name => "Trout.Speckled.5",
                         parsedKeys => bless({
                           cmd => "fact",
                           name => "Trout.Speckled.5",
                           title => "High dietary reliance upon insects",
                           titleFile => "Highdietaryrelianceuponinsects",
                         }, "ParsedKeys"),
                         say => undef,
                         start => 93,
                         title => "High dietary reliance upon insects",
                         titleFile => "Highdietaryrelianceuponinsects",
                       }, "ParsedCmd"),
                       bless({
                         cmd => "photo",
                         end => 100,
                         index => 5,
                         name => "Bass.Striped",
                         parsedKeys => bless({
                           cmd       => "photo",
                           height    => 3264,
                           level     => 1,
                           name      => "Bass.Striped",
                           title     => "Striped Bass",
                           titleFile => "StripedBass",
                           url       => "Striped Bass.jpg",
                           width     => 1840,
                           wiki      => "https://en.wikipedia.org/wiki/Striped_bass",
                         }, "ParsedKeys"),
                         say => undef,
                         start => 98,
                         title => "Striped Bass",
                         titleFile => "StripedBass",
                       }, "ParsedCmd"),
                       bless({
                         cmd => "fact",
                         end => 103,
                         index => 27,
                         name => "Bass.Striped.1",
                         parsedKeys => bless({
                           aspect => "latin",
                           cmd => "fact",
                           name => "Bass.Striped.1",
                           title => "Morone saxatilis",
                           titleFile => "Moronesaxatilis",
                         }, "ParsedKeys"),
                         say => undef,
                         start => 102,
                         title => "Morone saxatilis",
                         titleFile => "Moronesaxatilis",
                       }, "ParsedCmd"),
                       bless({
                         cmd => "fact",
                         end => 105,
                         index => 28,
                         name => "Bass.Striped.2",
                         parsedKeys => bless({
                           aspect => "location",
                           cmd => "fact",
                           name => "Bass.Striped.2",
                           title => "Chesapeake Bay",
                           titleFile => "ChesapeakeBay",
                         }, "ParsedKeys"),
                         say => undef,
                         start => 104,
                         title => "Chesapeake Bay",
                         titleFile => "ChesapeakeBay",
                       }, "ParsedCmd"),
                       bless({
                         cmd => "fact",
                         end => 107,
                         index => 29,
                         name => "Bass.Striped.3",
                         parsedKeys => bless({
                           aspect => "method",
                           cmd => "fact",
                           name => "Bass.Striped.3",
                           title => "Plastic shad on a lead head",
                           titleFile => "Plasticshadonaleadhead",
                         }, "ParsedKeys"),
                         say => undef,
                         start => 106,
                         title => "Plastic shad on a lead head",
                         titleFile => "Plasticshadonaleadhead",
                       }, "ParsedCmd"),
                       bless({
                         cmd => "fact",
                         end => 109,
                         index => 30,
                         name => "Bass.Striped.4",
                         parsedKeys => bless({
                           aspect => "weight",
                           cmd => "fact",
                           name => "Bass.Striped.4",
                           title => "Twenty pounds",
                           titleFile => "Twentypounds",
                         }, "ParsedKeys"),
                         say => undef,
                         start => 108,
                         title => "Twenty pounds",
                         titleFile => "Twentypounds",
                       }, "ParsedCmd"),
                       bless({
                         cmd => "fact",
                         end => 111,
                         index => 31,
                         name => "Bass.Striped.5",
                         parsedKeys => bless({
                           aspect => "location",
                           cmd => "fact",
                           name => "Bass.Striped.5",
                           title => "State fish of Maryland",
                           titleFile => "StatefishofMaryland",
                         }, "ParsedKeys"),
                         say => undef,
                         start => 110,
                         title => "State fish of Maryland",
                         titleFile => "StatefishofMaryland",
                       }, "ParsedCmd"),
                       bless({
                         cmd => "fact",
                         end => 113,
                         index => 32,
                         name => "Bass.Striped.6",
                         parsedKeys => bless({
                           aspect => "strangeButTrue location",
                           cmd => "fact",
                           name => "Bass.Striped.6",
                           title => "Landlocked in the Grand Lake, Nova Scotia",
                           titleFile => "LandlockedintheGrandLakeNovaScotia",
                         }, "ParsedKeys"),
                         say => undef,
                         start => 112,
                         title => "Landlocked in the Grand Lake, Nova Scotia",
                         titleFile => "LandlockedintheGrandLakeNovaScotia",
                       }, "ParsedCmd"),
                       bless({
                         cmd => "photoFact",
                         name => "Shark.Blacktip",
                         parsedKeys => bless({
                           cmd   => "photoFact",
                           name  => "Shark.Blacktip",
                           title => "Shark.Blacktip.1",
                         }, "ParsedKeys"),
                         photoFact => ['fix', 'fix'],
                         title => "Shark.Blacktip.1",
                         titleFile => undef,
                       }, "ParsedCmd"),
                       bless({
                         cmd => "photoFact",
                         name => "Shark.Blacktip",
                         parsedKeys => bless({
                           cmd   => "photoFact",
                           name  => "Shark.Blacktip",
                           title => "Shark.Blacktip.2",
                         }, "ParsedKeys"),
                         photoFact => ['fix', 'fix'],
                         title => "Shark.Blacktip.2",
                         titleFile => undef,
                       }, "ParsedCmd"),
                       bless({
                         cmd => "photoFact",
                         name => "Shark.Blacktip",
                         parsedKeys => bless({
                           cmd   => "photoFact",
                           name  => "Shark.Blacktip",
                           title => "Shark.Blacktip.3",
                         }, "ParsedKeys"),
                         photoFact => ['fix', 'fix'],
                         title => "Shark.Blacktip.3",
                         titleFile => undef,
                       }, "ParsedCmd"),
                       bless({
                         cmd => "photoFact",
                         name => "Shark.Blacktip",
                         parsedKeys => bless({
                           cmd   => "photoFact",
                           name  => "Shark.Blacktip",
                           title => "Shark.Blacktip.4",
                         }, "ParsedKeys"),
                         photoFact => ['fix', 'fix'],
                         title => "Shark.Blacktip.4",
                         titleFile => undef,
                       }, "ParsedCmd"),
                       bless({
                         cmd => "photoFact",
                         name => "Shark.Blacktip",
                         parsedKeys => bless({
                           cmd   => "photoFact",
                           name  => "Shark.Blacktip",
                           title => "Shark.Blacktip.5",
                         }, "ParsedKeys"),
                         photoFact => ['fix', 'fix'],
                         title => "Shark.Blacktip.5",
                         titleFile => undef,
                       }, "ParsedCmd"),
                       bless({
                         cmd => "photoFact",
                         name => "Shark.Blacktip",
                         parsedKeys => bless({
                           cmd   => "photoFact",
                           name  => "Shark.Blacktip",
                           title => "Shark.Blacktip.6",
                         }, "ParsedKeys"),
                         photoFact => ['fix', 'fix'],
                         title => "Shark.Blacktip.6",
                         titleFile => undef,
                       }, "ParsedCmd"),
                       bless({
                         cmd => "photoFact",
                         name => "Trout.Brown",
                         parsedKeys => bless({ cmd => "photoFact", name => "Trout.Brown", title => "Trout" }, "ParsedKeys"),
                         photoFact => ['fix', 'fix'],
                         title => "Trout",
                         titleFile => undef,
                       }, "ParsedCmd"),
                       bless({
                         cmd => "photoFact",
                         name => "Trout.Brown",
                         parsedKeys => bless({ cmd => "photoFact", name => "Trout.Brown", title => "Trout.Brown.1" }, "ParsedKeys"),
                         photoFact => ['fix', 'fix'],
                         title => "Trout.Brown.1",
                         titleFile => undef,
                       }, "ParsedCmd"),
                       bless({
                         cmd => "photoFact",
                         name => "Trout.Brown",
                         parsedKeys => bless({ cmd => "photoFact", name => "Trout.Brown", title => "Trout.Brown.2" }, "ParsedKeys"),
                         photoFact => ['fix', 'fix'],
                         title => "Trout.Brown.2",
                         titleFile => undef,
                       }, "ParsedCmd"),
                       bless({
                         cmd => "photoFact",
                         name => "Trout.Brown",
                         parsedKeys => bless({ cmd => "photoFact", name => "Trout.Brown", title => "Trout.Brown.3" }, "ParsedKeys"),
                         photoFact => ['fix', 'fix'],
                         title => "Trout.Brown.3",
                         titleFile => undef,
                       }, "ParsedCmd"),
                       bless({
                         cmd => "photoFact",
                         name => "Jack.Crevalle",
                         parsedKeys => bless({ cmd => "photoFact", name => "Jack.Crevalle", title => "Jack.Crevalle.1" }, "ParsedKeys"),
                         photoFact => ['fix', 'fix'],
                         title => "Jack.Crevalle.1",
                         titleFile => undef,
                       }, "ParsedCmd"),
                       bless({
                         cmd => "photoFact",
                         name => "Jack.Crevalle",
                         parsedKeys => bless({ cmd => "photoFact", name => "Jack.Crevalle", title => "Jack.Crevalle.2" }, "ParsedKeys"),
                         photoFact => ['fix', 'fix'],
                         title => "Jack.Crevalle.2",
                         titleFile => undef,
                       }, "ParsedCmd"),
                       bless({
                         cmd => "photoFact",
                         name => "Jack.Crevalle",
                         parsedKeys => bless({ cmd => "photoFact", name => "Jack.Crevalle", title => "Jack.Crevalle.3" }, "ParsedKeys"),
                         photoFact => ['fix', 'fix'],
                         title => "Jack.Crevalle.3",
                         titleFile => undef,
                       }, "ParsedCmd"),
                       bless({
                         cmd => "photoFact",
                         name => "Jack.Crevalle",
                         parsedKeys => bless({ cmd => "photoFact", name => "Jack.Crevalle", title => "Jack.Crevalle.4" }, "ParsedKeys"),
                         photoFact => ['fix', 'fix'],
                         title => "Jack.Crevalle.4",
                         titleFile => undef,
                       }, "ParsedCmd"),
                       bless({
                         cmd => "photoFact",
                         name => "Jack.Crevalle",
                         parsedKeys => bless({ cmd => "photoFact", name => "Jack.Crevalle", title => "Jack.Crevalle.5" }, "ParsedKeys"),
                         photoFact => ['fix', 'fix'],
                         title => "Jack.Crevalle.5",
                         titleFile => undef,
                       }, "ParsedCmd"),
                       bless({
                         cmd => "photoFact",
                         name => "Jack.Crevalle",
                         parsedKeys => bless({ cmd => "photoFact", name => "Jack.Crevalle", title => "Jack.Crevalle.6" }, "ParsedKeys"),
                         photoFact => ['fix', 'fix'],
                         title => "Jack.Crevalle.6",
                         titleFile => undef,
                       }, "ParsedCmd"),
                       bless({
                         cmd => "photoFact",
                         name => "Bass.Smallmouth",
                         parsedKeys => bless({
                           cmd   => "photoFact",
                           name  => "Bass.Smallmouth",
                           title => "Bass.Smallmouth.1",
                         }, "ParsedKeys"),
                         photoFact => ['fix', 'fix'],
                         title => "Bass.Smallmouth.1",
                         titleFile => undef,
                       }, "ParsedCmd"),
                       bless({
                         cmd => "photoFact",
                         name => "Bass.Smallmouth",
                         parsedKeys => bless({
                           cmd   => "photoFact",
                           name  => "Bass.Smallmouth",
                           title => "Bass.Smallmouth.2",
                         }, "ParsedKeys"),
                         photoFact => ['fix', 'fix'],
                         title => "Bass.Smallmouth.2",
                         titleFile => undef,
                       }, "ParsedCmd"),
                       bless({
                         cmd => "photoFact",
                         name => "Bass.Smallmouth",
                         parsedKeys => bless({
                           cmd   => "photoFact",
                           name  => "Bass.Smallmouth",
                           title => "Bass.Smallmouth.3",
                         }, "ParsedKeys"),
                         photoFact => ['fix', 'fix'],
                         title => "Bass.Smallmouth.3",
                         titleFile => undef,
                       }, "ParsedCmd"),
                       bless({
                         cmd => "photoFact",
                         name => "Bass.Smallmouth",
                         parsedKeys => bless({
                           cmd   => "photoFact",
                           name  => "Bass.Smallmouth",
                           title => "Bass.Smallmouth.4",
                         }, "ParsedKeys"),
                         photoFact => ['fix', 'fix'],
                         title => "Bass.Smallmouth.4",
                         titleFile => undef,
                       }, "ParsedCmd"),
                       bless({
                         cmd => "photoFact",
                         name => "Bass.Smallmouth",
                         parsedKeys => bless({
                           cmd   => "photoFact",
                           name  => "Bass.Smallmouth",
                           title => "Bass.Smallmouth.5",
                         }, "ParsedKeys"),
                         photoFact => ['fix', 'fix'],
                         title => "Bass.Smallmouth.5",
                         titleFile => undef,
                       }, "ParsedCmd"),
                       bless({
                         cmd => "photoFact",
                         name => "Bass.Smallmouth",
                         parsedKeys => bless({
                           cmd   => "photoFact",
                           name  => "Bass.Smallmouth",
                           title => "Bass.Smallmouth.6",
                         }, "ParsedKeys"),
                         photoFact => ['fix', 'fix'],
                         title => "Bass.Smallmouth.6",
                         titleFile => undef,
                       }, "ParsedCmd"),
                       bless({
                         cmd => "photoFact",
                         name => "Trout.Speckled",
                         parsedKeys => bless({ cmd => "photoFact", name => "Trout.Speckled", title => "Trout" }, "ParsedKeys"),
                         photoFact => ['fix', 'fix'],
                         title => "Trout",
                         titleFile => undef,
                       }, "ParsedCmd"),
                       bless({
                         cmd => "photoFact",
                         name => "Trout.Speckled",
                         parsedKeys => bless({
                           cmd   => "photoFact",
                           name  => "Trout.Speckled",
                           title => "Trout.Speckled.1",
                         }, "ParsedKeys"),
                         photoFact => ['fix', 'fix'],
                         title => "Trout.Speckled.1",
                         titleFile => undef,
                       }, "ParsedCmd"),
                       bless({
                         cmd => "photoFact",
                         name => "Trout.Speckled",
                         parsedKeys => bless({
                           cmd   => "photoFact",
                           name  => "Trout.Speckled",
                           title => "Trout.Speckled.2",
                         }, "ParsedKeys"),
                         photoFact => ['fix', 'fix'],
                         title => "Trout.Speckled.2",
                         titleFile => undef,
                       }, "ParsedCmd"),
                       bless({
                         cmd => "photoFact",
                         name => "Trout.Speckled",
                         parsedKeys => bless({
                           cmd   => "photoFact",
                           name  => "Trout.Speckled",
                           title => "Trout.Speckled.3",
                         }, "ParsedKeys"),
                         photoFact => ['fix', 'fix'],
                         title => "Trout.Speckled.3",
                         titleFile => undef,
                       }, "ParsedCmd"),
                       bless({
                         cmd => "photoFact",
                         name => "Trout.Speckled",
                         parsedKeys => bless({
                           cmd   => "photoFact",
                           name  => "Trout.Speckled",
                           title => "Trout.Speckled.4",
                         }, "ParsedKeys"),
                         photoFact => ['fix', 'fix'],
                         title => "Trout.Speckled.4",
                         titleFile => undef,
                       }, "ParsedCmd"),
                       bless({
                         cmd => "photoFact",
                         name => "Trout.Speckled",
                         parsedKeys => bless({
                           cmd   => "photoFact",
                           name  => "Trout.Speckled",
                           title => "Trout.Speckled.5",
                         }, "ParsedKeys"),
                         photoFact => ['fix', 'fix'],
                         title => "Trout.Speckled.5",
                         titleFile => undef,
                       }, "ParsedCmd"),
                       bless({
                         cmd => "photoFact",
                         name => "Bass.Striped",
                         parsedKeys => bless({ cmd => "photoFact", name => "Bass.Striped", title => "Bass.Striped.1" }, "ParsedKeys"),
                         photoFact => ['fix', 'fix'],
                         title => "Bass.Striped.1",
                         titleFile => undef,
                       }, "ParsedCmd"),
                       bless({
                         cmd => "photoFact",
                         name => "Bass.Striped",
                         parsedKeys => bless({ cmd => "photoFact", name => "Bass.Striped", title => "Bass.Striped.2" }, "ParsedKeys"),
                         photoFact => ['fix', 'fix'],
                         title => "Bass.Striped.2",
                         titleFile => undef,
                       }, "ParsedCmd"),
                       bless({
                         cmd => "photoFact",
                         name => "Bass.Striped",
                         parsedKeys => bless({ cmd => "photoFact", name => "Bass.Striped", title => "Bass.Striped.3" }, "ParsedKeys"),
                         photoFact => ['fix', 'fix'],
                         title => "Bass.Striped.3",
                         titleFile => undef,
                       }, "ParsedCmd"),
                       bless({
                         cmd => "photoFact",
                         name => "Bass.Striped",
                         parsedKeys => bless({ cmd => "photoFact", name => "Bass.Striped", title => "Bass.Striped.4" }, "ParsedKeys"),
                         photoFact => ['fix', 'fix'],
                         title => "Bass.Striped.4",
                         titleFile => undef,
                       }, "ParsedCmd"),
                       bless({
                         cmd => "photoFact",
                         name => "Bass.Striped",
                         parsedKeys => bless({ cmd => "photoFact", name => "Bass.Striped", title => "Bass.Striped.5" }, "ParsedKeys"),
                         photoFact => ['fix', 'fix'],
                         title => "Bass.Striped.5",
                         titleFile => undef,
                       }, "ParsedCmd"),
                       bless({
                         cmd => "photoFact",
                         name => "Bass.Striped",
                         parsedKeys => bless({ cmd => "photoFact", name => "Bass.Striped", title => "Bass.Striped.6" }, "ParsedKeys"),
                         photoFact => ['fix', 'fix'],
                         title => "Bass.Striped.6",
                         titleFile => undef,
                       }, "ParsedCmd"),
                     ],
    project       => "philiprbrenan/GoneFishing",
    source        => "app GoneFishing  = Gone Fishing in the USA\n  icon   = Striped Bass.jpg\n  author = philiprbrenan\n  maximages = 8\n  email  = philiprbrenan\@gmail.com\n# email  = bill.gearhart\@ryffine.com\n\n# Details of photo Blacktip shark.JPG\n#------------------------------------\nphoto Shark.Blacktip = Blacktip shark\n  url = Blacktip shark.JPG\n  wiki =  https://en.wikipedia.org/wiki/Blacktip_shark\n\nfact Shark.Blacktip.1 = Carcharhinus limbatus\n     aspect=latin\nfact Shark.Blacktip.2 = Galveston\n     aspect=location\nfact Shark.Blacktip.3 = Drifting a dead menhaden\n     aspect=method\nfact Shark.Blacktip.4 = Forty pounds\n     aspect=weight\nfact Shark.Blacktip.5 = Timid yet will attack people for food\nfact Shark.Blacktip.6 = Makes spinning leaps when attacking schools of small fish\n\n\n# Details of photo Brown Trout.jpg\n#---------------------------------\nphoto Trout.Brown = Brown Trout\n  url  = Brown Trout.jpg\n  wiki =  https://en.wikipedia.org/wiki/Brown_trout\n\nfact Trout         = Salmo trutta\n     aspect=latin\nfact Trout.Brown.1 = Little Juniata River near Alexandria\n     aspect=location\nfact Trout.Brown.2 = Size 12 peeking caddis fly\n     aspect=method\nfact Trout.Brown.3 = Two pounds\n     aspect=weight\n\n\n# Details of photo Jack Crevalle.JPG\n#-----------------------------------\nphoto Jack.Crevalle = Jack Crevalle\n  url  = Jack Crevalle.JPG\n  wiki =  https://en.wikipedia.org/wiki/Crevalle_jack\n\nfact Jack.Crevalle.1 = Caranx hippos\n     aspect=latin\nfact Jack.Crevalle.2 = Galveston\n     aspect=location\nfact Jack.Crevalle.3 = Caught drifting a dead menhaden\n     aspect=method\nfact Jack.Crevalle.4 = Fifteen pounds\n     aspect=weight\nfact Jack.Crevalle.5 = Caudal fin is strongly forked\nfact Jack.Crevalle.6 = Well-developed adipose eyelid\n\n\n# Details of photo Smallmouth Bass.jpg\n#-------------------------------------\nphoto Bass.Smallmouth = Smallmouth Bass\n  url  = Smallmouth Bass.jpg\n  wiki =  https://en.wikipedia.org/wiki/Smallmouth_bass\n\nfact Bass.Smallmouth.1 = Micropterus dolomieu\n     aspect=latin\nfact Bass.Smallmouth.2 = Allegheny River at Tionesta\n     aspect=location\nfact Bass.Smallmouth.3 = Jerk bait\n     aspect=method\nfact Bass.Smallmouth.4 = Three pounds\n     aspect=weight\nfact Bass.Smallmouth.5 = Native to the Mississippi\n     aspect=location\nfact Bass.Smallmouth.6 = Transplanted through USA in buckets and barrels by rail\n     aspect=strangeButTrue\n\n\n# Details of photo SpeckledTrout.jpg\n#-----------------------------------\nphoto Trout.Speckled = Speckled Trout\n  url  = SpeckledTrout.jpg\n  wiki =  https://en.wikipedia.org/wiki/Brown_trout\n\nfact Trout.Speckled.1 = South Platte River near Lake George\n     aspect=location\nfact Trout.Speckled.2 = Size 20 rs2 fly\n     aspect=method\nfact Trout.Speckled.3 = Six pounds\n     aspect=weight\nfact Trout.Speckled.4 = Closely related to the Atlantic salmon\nfact Trout.Speckled.5 = High dietary reliance upon insects\n\n\n# Details of photo Striped Bass.jpg\n#----------------------------------\nphoto Bass.Striped = Striped Bass\n  url  = Striped Bass.jpg\n  wiki =  https://en.wikipedia.org/wiki/Striped_bass\n\nfact Bass.Striped.1 = Morone saxatilis\n     aspect=latin\nfact Bass.Striped.2 = Chesapeake Bay\n     aspect=location\nfact Bass.Striped.3 = Plastic shad on a lead head\n     aspect=method\nfact Bass.Striped.4 = Twenty pounds\n     aspect=weight\nfact Bass.Striped.5 = State fish of Maryland\n     aspect=location\nfact Bass.Striped.6 = Landlocked in the Grand Lake, Nova Scotia\n     aspect=strangeButTrue location\n",
    sourceFileSha => "36a2d95fcb0e6d6fe6334896df56f4966906bbc1",
    step          => "completed",
  }, "Manifest");
  $a->{parsedCmds}[0] = $a->{app};
  $a->{parsedCmds}[40]{photoFact}[0] = $a->{parsedCmds}[1];
  $a->{parsedCmds}[40]{photoFact}[1] = $a->{parsedCmds}[2];
  $a->{parsedCmds}[41]{photoFact}[0] = $a->{parsedCmds}[1];
  $a->{parsedCmds}[41]{photoFact}[1] = $a->{parsedCmds}[3];
  $a->{parsedCmds}[42]{photoFact}[0] = $a->{parsedCmds}[1];
  $a->{parsedCmds}[42]{photoFact}[1] = $a->{parsedCmds}[4];
  $a->{parsedCmds}[43]{photoFact}[0] = $a->{parsedCmds}[1];
  $a->{parsedCmds}[43]{photoFact}[1] = $a->{parsedCmds}[5];
  $a->{parsedCmds}[44]{photoFact}[0] = $a->{parsedCmds}[1];
  $a->{parsedCmds}[44]{photoFact}[1] = $a->{parsedCmds}[6];
  $a->{parsedCmds}[45]{photoFact}[0] = $a->{parsedCmds}[1];
  $a->{parsedCmds}[45]{photoFact}[1] = $a->{parsedCmds}[7];
  $a->{parsedCmds}[46]{photoFact}[0] = $a->{parsedCmds}[8];
  $a->{parsedCmds}[46]{photoFact}[1] = $a->{parsedCmds}[9];
  $a->{parsedCmds}[47]{photoFact}[0] = $a->{parsedCmds}[8];
  $a->{parsedCmds}[47]{photoFact}[1] = $a->{parsedCmds}[10];
  $a->{parsedCmds}[48]{photoFact}[0] = $a->{parsedCmds}[8];
  $a->{parsedCmds}[48]{photoFact}[1] = $a->{parsedCmds}[11];
  $a->{parsedCmds}[49]{photoFact}[0] = $a->{parsedCmds}[8];
  $a->{parsedCmds}[49]{photoFact}[1] = $a->{parsedCmds}[12];
  $a->{parsedCmds}[50]{photoFact}[0] = $a->{parsedCmds}[13];
  $a->{parsedCmds}[50]{photoFact}[1] = $a->{parsedCmds}[14];
  $a->{parsedCmds}[51]{photoFact}[0] = $a->{parsedCmds}[13];
  $a->{parsedCmds}[51]{photoFact}[1] = $a->{parsedCmds}[15];
  $a->{parsedCmds}[52]{photoFact}[0] = $a->{parsedCmds}[13];
  $a->{parsedCmds}[52]{photoFact}[1] = $a->{parsedCmds}[16];
  $a->{parsedCmds}[53]{photoFact}[0] = $a->{parsedCmds}[13];
  $a->{parsedCmds}[53]{photoFact}[1] = $a->{parsedCmds}[17];
  $a->{parsedCmds}[54]{photoFact}[0] = $a->{parsedCmds}[13];
  $a->{parsedCmds}[54]{photoFact}[1] = $a->{parsedCmds}[18];
  $a->{parsedCmds}[55]{photoFact}[0] = $a->{parsedCmds}[13];
  $a->{parsedCmds}[55]{photoFact}[1] = $a->{parsedCmds}[19];
  $a->{parsedCmds}[56]{photoFact}[0] = $a->{parsedCmds}[20];
  $a->{parsedCmds}[56]{photoFact}[1] = $a->{parsedCmds}[21];
  $a->{parsedCmds}[57]{photoFact}[0] = $a->{parsedCmds}[20];
  $a->{parsedCmds}[57]{photoFact}[1] = $a->{parsedCmds}[22];
  $a->{parsedCmds}[58]{photoFact}[0] = $a->{parsedCmds}[20];
  $a->{parsedCmds}[58]{photoFact}[1] = $a->{parsedCmds}[23];
  $a->{parsedCmds}[59]{photoFact}[0] = $a->{parsedCmds}[20];
  $a->{parsedCmds}[59]{photoFact}[1] = $a->{parsedCmds}[24];
  $a->{parsedCmds}[60]{photoFact}[0] = $a->{parsedCmds}[20];
  $a->{parsedCmds}[60]{photoFact}[1] = $a->{parsedCmds}[25];
  $a->{parsedCmds}[61]{photoFact}[0] = $a->{parsedCmds}[20];
  $a->{parsedCmds}[61]{photoFact}[1] = $a->{parsedCmds}[26];
  $a->{parsedCmds}[62]{photoFact}[0] = $a->{parsedCmds}[27];
  $a->{parsedCmds}[62]{photoFact}[1] = $a->{parsedCmds}[9];
  $a->{parsedCmds}[63]{photoFact}[0] = $a->{parsedCmds}[27];
  $a->{parsedCmds}[63]{photoFact}[1] = $a->{parsedCmds}[28];
  $a->{parsedCmds}[64]{photoFact}[0] = $a->{parsedCmds}[27];
  $a->{parsedCmds}[64]{photoFact}[1] = $a->{parsedCmds}[29];
  $a->{parsedCmds}[65]{photoFact}[0] = $a->{parsedCmds}[27];
  $a->{parsedCmds}[65]{photoFact}[1] = $a->{parsedCmds}[30];
  $a->{parsedCmds}[66]{photoFact}[0] = $a->{parsedCmds}[27];
  $a->{parsedCmds}[66]{photoFact}[1] = $a->{parsedCmds}[31];
  $a->{parsedCmds}[67]{photoFact}[0] = $a->{parsedCmds}[27];
  $a->{parsedCmds}[67]{photoFact}[1] = $a->{parsedCmds}[32];
  $a->{parsedCmds}[68]{photoFact}[0] = $a->{parsedCmds}[33];
  $a->{parsedCmds}[68]{photoFact}[1] = $a->{parsedCmds}[34];
  $a->{parsedCmds}[69]{photoFact}[0] = $a->{parsedCmds}[33];
  $a->{parsedCmds}[69]{photoFact}[1] = $a->{parsedCmds}[35];
  $a->{parsedCmds}[70]{photoFact}[0] = $a->{parsedCmds}[33];
  $a->{parsedCmds}[70]{photoFact}[1] = $a->{parsedCmds}[36];
  $a->{parsedCmds}[71]{photoFact}[0] = $a->{parsedCmds}[33];
  $a->{parsedCmds}[71]{photoFact}[1] = $a->{parsedCmds}[37];
  $a->{parsedCmds}[72]{photoFact}[0] = $a->{parsedCmds}[33];
  $a->{parsedCmds}[72]{photoFact}[1] = $a->{parsedCmds}[38];
  $a->{parsedCmds}[73]{photoFact}[0] = $a->{parsedCmds}[33];
  $a->{parsedCmds}[73]{photoFact}[1] = $a->{parsedCmds}[39];
  $a;
}