Failed.

2017-12-27 at 20:22:29 Generate AppaAppsPhotoApp version 20171227-202229 philiprbrenan/GoneFishing/l/en

2017-12-27 at 20:22:33 Step: parseSource
2017-12-27 at 20:22:33 Expected a aFewChars keyword on line <b>12</b> but did not find one
Expected a aFewChars keyword on line <b>30</b> but did not find one
Expected a aFewChars keyword on line <b>46</b> but did not find one

--------------------------------------------------------------------------------
do {
  my $a = bless({
    app => bless({
      cmd => "app",
      defaulted => { language => 1, ordered => 1, rightInARow => 1 },
      end => 7,
      index => 0,
      name => "GoneFishing.l.en",
      parsedKeys => bless({
        author      => "philiprbrenan",
        cmd         => "app",
        email       => "philiprbrenan\@gmail.com",
        icon        => "Striped Bass.jpg",
        language    => "en",
        maxImages   => 8,
        name        => "GoneFishing.l.en",
        ordered     => "never",
        rightInARow => 7,
        screenShots => undef,
        speakers    => "Amy",
        title       => "Gone Fishing in the USA",
        version     => 2,
      }, "ParsedKeys"),
      start => 1,
      title => "Gone Fishing in the USA",
    }, "ParsedCmd"),
    dateTimeStamp => "2017-12-27 at 20:22:29",
    error => 3,
    log => [
      "\n2017-12-27 at 20:22:29 Generate AppaAppsPhotoApp version 20171227-202229 philiprbrenan/GoneFishing/l/en\n",
      "2017-12-27 at 20:22:33 Step: parseSource",
      "2017-12-27 at 20:22:33 Expected a aFewChars keyword on line <b>12</b> but did not find one\nExpected a aFewChars keyword on line <b>30</b> but did not find one\nExpected a aFewChars keyword on line <b>46</b> but did not find one\n",
    ],
    parsedCmds => [
      'fix',
      bless({
        cmd => "photo",
        defaulted => { level => 1 },
        end => 14,
        index => 0,
        name => "Shark.Blacktip",
        parsedKeys => bless({
          aFewChars => undef,
          cmd       => "photo",
          level     => 1,
          name      => "Shark.Blacktip",
          title     => "Blacktip shark",
          url       => "Blacktip shark.JPG",
          wiki      => "https://en.wikipedia.org/wiki/Blacktip_shark",
        }, "ParsedKeys"),
        start => 12,
        title => "Blacktip shark",
      }, "ParsedCmd"),
      bless({
        cmd        => "fact",
        end        => 17,
        index      => 0,
        name       => "Shark.Blacktip.1",
        parsedKeys => bless({
                        aspect => "latin",
                        cmd    => "fact",
                        name   => "Shark.Blacktip.1",
                        title  => "Carcharhinus limbatus",
                      }, "ParsedKeys"),
        start      => 16,
        title      => "Carcharhinus limbatus",
      }, "ParsedCmd"),
      bless({
        cmd        => "fact",
        end        => 19,
        index      => 1,
        name       => "Shark.Blacktip.2",
        parsedKeys => bless({
                        aspect => "location",
                        cmd    => "fact",
                        name   => "Shark.Blacktip.2",
                        title  => "Galveston",
                      }, "ParsedKeys"),
        start      => 18,
        title      => "Galveston",
      }, "ParsedCmd"),
      bless({
        cmd        => "fact",
        end        => 21,
        index      => 2,
        name       => "Shark.Blacktip.3",
        parsedKeys => bless({
                        aspect => "method",
                        cmd    => "fact",
                        name   => "Shark.Blacktip.3",
                        title  => "Drifting a dead menhaden",
                      }, "ParsedKeys"),
        start      => 20,
        title      => "Drifting a dead menhaden",
      }, "ParsedCmd"),
      bless({
        cmd        => "fact",
        end        => 23,
        index      => 3,
        name       => "Shark.Blacktip.4",
        parsedKeys => bless({
                        aspect => "weight",
                        cmd    => "fact",
                        name   => "Shark.Blacktip.4",
                        title  => "Forty pounds",
                      }, "ParsedKeys"),
        start      => 22,
        title      => "Forty pounds",
      }, "ParsedCmd"),
      bless({
        cmd        => "fact",
        end        => 24,
        index      => 4,
        name       => "Shark.Blacktip.5",
        parsedKeys => bless({
                        cmd   => "fact",
                        name  => "Shark.Blacktip.5",
                        title => "Timid yet will attack people for food",
                      }, "ParsedKeys"),
        start      => 24,
        title      => "Timid yet will attack people for food",
      }, "ParsedCmd"),
      bless({
        cmd        => "fact",
        end        => 25,
        index      => 5,
        name       => "Shark.Blacktip.6",
        parsedKeys => bless({
                        cmd   => "fact",
                        name  => "Shark.Blacktip.6",
                        title => "Makes spinning leaps when attacking schools of small fish",
                      }, "ParsedKeys"),
        start      => 25,
        title      => "Makes spinning leaps when attacking schools of small fish",
      }, "ParsedCmd"),
      bless({
        cmd => "photo",
        defaulted => { level => 1 },
        end => 32,
        index => 1,
        name => "Trout.Brown",
        parsedKeys => bless({
          aFewChars => undef,
          cmd       => "photo",
          level     => 1,
          name      => "Trout.Brown",
          title     => "Brown Trout",
          url       => "Brown Trout.jpg",
          wiki      => "https://en.wikipedia.org/wiki/Brown_trout",
        }, "ParsedKeys"),
        start => 30,
        title => "Brown Trout",
      }, "ParsedCmd"),
      bless({
        cmd        => "fact",
        end        => 35,
        index      => 6,
        name       => "Trout",
        parsedKeys => bless({ aspect => "latin", cmd => "fact", name => "Trout", title => "Salmo trutta" }, "ParsedKeys"),
        start      => 34,
        title      => "Salmo trutta",
      }, "ParsedCmd"),
      bless({
        cmd        => "fact",
        end        => 37,
        index      => 7,
        name       => "Trout.Brown.1",
        parsedKeys => bless({
                        aspect => "location",
                        cmd    => "fact",
                        name   => "Trout.Brown.1",
                        title  => "Little Juniata River near Alexandria",
                      }, "ParsedKeys"),
        start      => 36,
        title      => "Little Juniata River near Alexandria",
      }, "ParsedCmd"),
      bless({
        cmd        => "fact",
        end        => 39,
        index      => 8,
        name       => "Trout.Brown.2",
        parsedKeys => bless({
                        aspect => "method",
                        cmd    => "fact",
                        name   => "Trout.Brown.2",
                        title  => "Size 12 peeking caddis fly",
                      }, "ParsedKeys"),
        start      => 38,
        title      => "Size 12 peeking caddis fly",
      }, "ParsedCmd"),
      bless({
        cmd        => "fact",
        end        => 41,
        index      => 9,
        name       => "Trout.Brown.3",
        parsedKeys => bless({
                        aspect => "weight",
                        cmd    => "fact",
                        name   => "Trout.Brown.3",
                        title  => "Two pounds",
                      }, "ParsedKeys"),
        start      => 40,
        title      => "Two pounds",
      }, "ParsedCmd"),
      bless({
        cmd => "photo",
        defaulted => { level => 1 },
        end => 48,
        index => 2,
        name => "Jack.Crevalle",
        parsedKeys => bless({
          aFewChars => undef,
          cmd       => "photo",
          level     => 1,
          name      => "Jack.Crevalle",
          title     => "Jack Crevalle",
          url       => "Jack Crevalle.JPG",
          wiki      => "https://en.wikipedia.org/wiki/Crevalle_jack",
        }, "ParsedKeys"),
        start => 46,
        title => "Jack Crevalle",
      }, "ParsedCmd"),
      bless({
        cmd        => "fact",
        end        => 51,
        index      => 10,
        name       => "Jack.Crevalle.1",
        parsedKeys => bless({
                        aspect => "latin",
                        cmd    => "fact",
                        name   => "Jack.Crevalle.1",
                        title  => "Caranx hippos",
                      }, "ParsedKeys"),
        start      => 50,
        title      => "Caranx hippos",
      }, "ParsedCmd"),
      bless({
        cmd        => "fact",
        end        => 53,
        index      => 11,
        name       => "Jack.Crevalle.2",
        parsedKeys => bless({
                        aspect => "location",
                        cmd    => "fact",
                        name   => "Jack.Crevalle.2",
                        title  => "Galveston",
                      }, "ParsedKeys"),
        start      => 52,
        title      => "Galveston",
      }, "ParsedCmd"),
      bless({
        cmd        => "fact",
        end        => 55,
        index      => 12,
        name       => "Jack.Crevalle.3",
        parsedKeys => bless({
                        aspect => "method",
                        cmd    => "fact",
                        name   => "Jack.Crevalle.3",
                        title  => "Caught drifting a dead menhaden",
                      }, "ParsedKeys"),
        start      => 54,
        title      => "Caught drifting a dead menhaden",
      }, "ParsedCmd"),
      bless({
        cmd        => "fact",
        end        => 57,
        index      => 13,
        name       => "Jack.Crevalle.4",
        parsedKeys => bless({
                        aspect => "weight",
                        cmd    => "fact",
                        name   => "Jack.Crevalle.4",
                        title  => "Fifteen pounds",
                      }, "ParsedKeys"),
        start      => 56,
        title      => "Fifteen pounds",
      }, "ParsedCmd"),
      bless({
        cmd        => "fact",
        end        => 58,
        index      => 14,
        name       => "Jack.Crevalle.5",
        parsedKeys => bless({
                        cmd   => "fact",
                        name  => "Jack.Crevalle.5",
                        title => "Caudal fin is strongly forked",
                      }, "ParsedKeys"),
        start      => 58,
        title      => "Caudal fin is strongly forked",
      }, "ParsedCmd"),
      bless({
        cmd        => "fact",
        end        => 59,
        index      => 15,
        name       => "Jack.Crevalle.6",
        parsedKeys => bless({
                        cmd   => "fact",
                        name  => "Jack.Crevalle.6",
                        title => "Well-developed adipose eyelid",
                      }, "ParsedKeys"),
        start      => 59,
        title      => "Well-developed adipose eyelid",
      }, "ParsedCmd"),
      bless({
        cmd => "photo",
        defaulted => { level => 1 },
        end => 66,
        index => 3,
        name => "Bass.Smallmouth",
        parsedKeys => bless({
          aFewChars => undef,
          cmd       => "photo",
          level     => 1,
          name      => "Bass.Smallmouth",
          title     => "Smallmouth Bass",
          url       => "Smallmouth Bass.jpg",
          wiki      => "https://en.wikipedia.org/wiki/Smallmouth_bass",
        }, "ParsedKeys"),
        start => 64,
        title => "Smallmouth Bass",
      }, "ParsedCmd"),
      bless({
        cmd        => "fact",
        end        => 69,
        index      => 16,
        name       => "Bass.Smallmouth.1",
        parsedKeys => bless({
                        aspect => "latin",
                        cmd    => "fact",
                        name   => "Bass.Smallmouth.1",
                        title  => "Micropterus dolomieu",
                      }, "ParsedKeys"),
        start      => 68,
        title      => "Micropterus dolomieu",
      }, "ParsedCmd"),
      bless({
        cmd        => "fact",
        end        => 71,
        index      => 17,
        name       => "Bass.Smallmouth.2",
        parsedKeys => bless({
                        aspect => "location",
                        cmd    => "fact",
                        name   => "Bass.Smallmouth.2",
                        title  => "Allegheny River at Tionesta",
                      }, "ParsedKeys"),
        start      => 70,
        title      => "Allegheny River at Tionesta",
      }, "ParsedCmd"),
      bless({
        cmd        => "fact",
        end        => 73,
        index      => 18,
        name       => "Bass.Smallmouth.3",
        parsedKeys => bless({
                        aspect => "method",
                        cmd    => "fact",
                        name   => "Bass.Smallmouth.3",
                        title  => "Jerk bait",
                      }, "ParsedKeys"),
        start      => 72,
        title      => "Jerk bait",
      }, "ParsedCmd"),
      bless({
        cmd        => "fact",
        end        => 75,
        index      => 19,
        name       => "Bass.Smallmouth.4",
        parsedKeys => bless({
                        aspect => "weight",
                        cmd    => "fact",
                        name   => "Bass.Smallmouth.4",
                        title  => "Three pounds",
                      }, "ParsedKeys"),
        start      => 74,
        title      => "Three pounds",
      }, "ParsedCmd"),
      bless({
        cmd        => "fact",
        end        => 77,
        index      => 20,
        name       => "Bass.Smallmouth.5",
        parsedKeys => bless({
                        aspect => "location",
                        cmd    => "fact",
                        name   => "Bass.Smallmouth.5",
                        title  => "Native to the Mississippi",
                      }, "ParsedKeys"),
        start      => 76,
        title      => "Native to the Mississippi",
      }, "ParsedCmd"),
      bless({
        cmd        => "fact",
        end        => 79,
        index      => 21,
        name       => "Bass.Smallmouth.6",
        parsedKeys => bless({
                        aspect => "strangeButTrue",
                        cmd    => "fact",
                        name   => "Bass.Smallmouth.6",
                        title  => "Transplanted through USA in buckets and barrels by rail",
                      }, "ParsedKeys"),
        start      => 78,
        title      => "Transplanted through USA in buckets and barrels by rail",
      }, "ParsedCmd"),
      bless({
        cmd => "photo",
        defaulted => { level => 1 },
        end => 86,
        index => 4,
        name => "Trout.Speckled",
        parsedKeys => bless({
          aFewChars => undef,
          cmd       => "photo",
          level     => 1,
          name      => "Trout.Speckled",
          title     => "Speckled Trout",
          url       => "SpeckledTrout.jpg",
          wiki      => "https://en.wikipedia.org/wiki/Brown_trout",
        }, "ParsedKeys"),
        start => 84,
        title => "Speckled Trout",
      }, "ParsedCmd"),
      bless({
        cmd        => "fact",
        end        => 89,
        index      => 22,
        name       => "Trout.Speckled.1",
        parsedKeys => bless({
                        aspect => "location",
                        cmd    => "fact",
                        name   => "Trout.Speckled.1",
                        title  => "South Platte River near Lake George",
                      }, "ParsedKeys"),
        start      => 88,
        title      => "South Platte River near Lake George",
      }, "ParsedCmd"),
      bless({
        cmd        => "fact",
        end        => 91,
        index      => 23,
        name       => "Trout.Speckled.2",
        parsedKeys => bless({
                        aspect => "method",
                        cmd    => "fact",
                        name   => "Trout.Speckled.2",
                        title  => "Size 20 rs2 fly",
                      }, "ParsedKeys"),
        start      => 90,
        title      => "Size 20 rs2 fly",
      }, "ParsedCmd"),
      bless({
        cmd        => "fact",
        end        => 93,
        index      => 24,
        name       => "Trout.Speckled.3",
        parsedKeys => bless({
                        aspect => "weight",
                        cmd    => "fact",
                        name   => "Trout.Speckled.3",
                        title  => "Six pounds",
                      }, "ParsedKeys"),
        start      => 92,
        title      => "Six pounds",
      }, "ParsedCmd"),
      bless({
        cmd        => "fact",
        end        => 94,
        index      => 25,
        name       => "Trout.Speckled.4",
        parsedKeys => bless({
                        cmd   => "fact",
                        name  => "Trout.Speckled.4",
                        title => "Closely related to the Atlantic salmon",
                      }, "ParsedKeys"),
        start      => 94,
        title      => "Closely related to the Atlantic salmon",
      }, "ParsedCmd"),
      bless({
        cmd        => "fact",
        end        => 95,
        index      => 26,
        name       => "Trout.Speckled.5",
        parsedKeys => bless({
                        cmd   => "fact",
                        name  => "Trout.Speckled.5",
                        title => "High dietary reliance upon insects",
                      }, "ParsedKeys"),
        start      => 95,
        title      => "High dietary reliance upon insects",
      }, "ParsedCmd"),
      bless({
        cmd => "photo",
        defaulted => { level => 1 },
        end => 102,
        index => 5,
        name => "Bass.Striped",
        parsedKeys => bless({
          aFewChars => undef,
          cmd       => "photo",
          level     => 1,
          name      => "Bass.Striped",
          title     => "Striped Bass",
          url       => "Striped Bass.jpg",
          wiki      => "https://en.wikipedia.org/wiki/Striped_bass",
        }, "ParsedKeys"),
        start => 100,
        title => "Striped Bass",
      }, "ParsedCmd"),
      bless({
        cmd        => "fact",
        end        => 105,
        index      => 27,
        name       => "Bass.Striped.1",
        parsedKeys => bless({
                        aspect => "latin",
                        cmd    => "fact",
                        name   => "Bass.Striped.1",
                        title  => "Morone saxatilis",
                      }, "ParsedKeys"),
        start      => 104,
        title      => "Morone saxatilis",
      }, "ParsedCmd"),
      bless({
        cmd        => "fact",
        end        => 107,
        index      => 28,
        name       => "Bass.Striped.2",
        parsedKeys => bless({
                        aspect => "location",
                        cmd    => "fact",
                        name   => "Bass.Striped.2",
                        title  => "Chesapeake Bay",
                      }, "ParsedKeys"),
        start      => 106,
        title      => "Chesapeake Bay",
      }, "ParsedCmd"),
      bless({
        cmd        => "fact",
        end        => 109,
        index      => 29,
        name       => "Bass.Striped.3",
        parsedKeys => bless({
                        aspect => "method",
                        cmd    => "fact",
                        name   => "Bass.Striped.3",
                        title  => "Plastic shad on a lead head",
                      }, "ParsedKeys"),
        start      => 108,
        title      => "Plastic shad on a lead head",
      }, "ParsedCmd"),
      bless({
        cmd        => "fact",
        end        => 111,
        index      => 30,
        name       => "Bass.Striped.4",
        parsedKeys => bless({
                        aspect => "weight",
                        cmd    => "fact",
                        name   => "Bass.Striped.4",
                        title  => "Twenty pounds",
                      }, "ParsedKeys"),
        start      => 110,
        title      => "Twenty pounds",
      }, "ParsedCmd"),
      bless({
        cmd        => "fact",
        end        => 113,
        index      => 31,
        name       => "Bass.Striped.5",
        parsedKeys => bless({
                        aspect => "location",
                        cmd    => "fact",
                        name   => "Bass.Striped.5",
                        title  => "State fish of Maryland",
                      }, "ParsedKeys"),
        start      => 112,
        title      => "State fish of Maryland",
      }, "ParsedCmd"),
      bless({
        cmd        => "fact",
        end        => 115,
        index      => 32,
        name       => "Bass.Striped.6",
        parsedKeys => bless({
                        aspect => "strangeButTrue location",
                        cmd    => "fact",
                        name   => "Bass.Striped.6",
                        title  => "Landlocked in the Grand Lake, Nova Scotia",
                      }, "ParsedKeys"),
        start      => 114,
        title      => "Landlocked in the Grand Lake, Nova Scotia",
      }, "ParsedCmd"),
    ],
    project => "philiprbrenan/GoneFishing/l/en",
    source => "app GoneFishing.l.en  = Gone Fishing in the USA\n  icon   = Striped Bass.jpg\n  author = philiprbrenan\n  maximages = 8\n  speakers = Amy\n  version = 2\n  email  = philiprbrenan\@gmail.com\n# email  = bill.gearhart\@ryffine.com\n\n# Details of photo Blacktip shark.JPG\n#------------------------------------\nphoto Shark.Blacktip = Blacktip shark\n  url = Blacktip shark.JPG\n  wiki =  https://en.wikipedia.org/wiki/Blacktip_shark\n\nfact Shark.Blacktip.1 = Carcharhinus limbatus\n     aspect=latin\nfact Shark.Blacktip.2 = Galveston\n     aspect=location\nfact Shark.Blacktip.3 = Drifting a dead menhaden\n     aspect=method\nfact Shark.Blacktip.4 = Forty pounds\n     aspect=weight\nfact Shark.Blacktip.5 = Timid yet will attack people for food\nfact Shark.Blacktip.6 = Makes spinning leaps when attacking schools of small fish\n\n\n# Details of photo Brown Trout.jpg\n#---------------------------------\nphoto Trout.Brown = Brown Trout\n  url  = Brown Trout.jpg\n  wiki =  https://en.wikipedia.org/wiki/Brown_trout\n\nfact Trout         = Salmo trutta\n     aspect=latin\nfact Trout.Brown.1 = Little Juniata River near Alexandria\n     aspect=location\nfact Trout.Brown.2 = Size 12 peeking caddis fly\n     aspect=method\nfact Trout.Brown.3 = Two pounds\n     aspect=weight\n\n\n# Details of photo Jack Crevalle.JPG\n#-----------------------------------\nphoto Jack.Crevalle = Jack Crevalle\n  url  = Jack Crevalle.JPG\n  wiki =  https://en.wikipedia.org/wiki/Crevalle_jack\n\nfact Jack.Crevalle.1 = Caranx hippos\n     aspect=latin\nfact Jack.Crevalle.2 = Galveston\n     aspect=location\nfact Jack.Crevalle.3 = Caught drifting a dead menhaden\n     aspect=method\nfact Jack.Crevalle.4 = Fifteen pounds\n     aspect=weight\nfact Jack.Crevalle.5 = Caudal fin is strongly forked\nfact Jack.Crevalle.6 = Well-developed adipose eyelid\n\n\n# Details of photo Smallmouth Bass.jpg\n#-------------------------------------\nphoto Bass.Smallmouth = Smallmouth Bass\n  url  = Smallmouth Bass.jpg\n  wiki =  https://en.wikipedia.org/wiki/Smallmouth_bass\n\nfact Bass.Smallmouth.1 = Micropterus dolomieu\n     aspect=latin\nfact Bass.Smallmouth.2 = Allegheny River at Tionesta\n     aspect=location\nfact Bass.Smallmouth.3 = Jerk bait\n     aspect=method\nfact Bass.Smallmouth.4 = Three pounds\n     aspect=weight\nfact Bass.Smallmouth.5 = Native to the Mississippi\n     aspect=location\nfact Bass.Smallmouth.6 = Transplanted through USA in buckets and barrels by rail\n     aspect=strangeButTrue\n\n\n# Details of photo SpeckledTrout.jpg\n#-----------------------------------\nphoto Trout.Speckled = Speckled Trout\n  url  = SpeckledTrout.jpg\n  wiki =  https://en.wikipedia.org/wiki/Brown_trout\n\nfact Trout.Speckled.1 = South Platte River near Lake George\n     aspect=location\nfact Trout.Speckled.2 = Size 20 rs2 fly\n     aspect=method\nfact Trout.Speckled.3 = Six pounds\n     aspect=weight\nfact Trout.Speckled.4 = Closely related to the Atlantic salmon\nfact Trout.Speckled.5 = High dietary reliance upon insects\n\n\n# Details of photo Striped Bass.jpg\n#----------------------------------\nphoto Bass.Striped = Striped Bass\n  url  = Striped Bass.jpg\n  wiki =  https://en.wikipedia.org/wiki/Striped_bass\n\nfact Bass.Striped.1 = Morone saxatilis\n     aspect=latin\nfact Bass.Striped.2 = Chesapeake Bay\n     aspect=location\nfact Bass.Striped.3 = Plastic shad on a lead head\n     aspect=method\nfact Bass.Striped.4 = Twenty pounds\n     aspect=weight\nfact Bass.Striped.5 = State fish of Maryland\n     aspect=location\nfact Bass.Striped.6 = Landlocked in the Grand Lake, Nova Scotia\n     aspect=strangeButTrue location\n",
    sourceFileSha => "4a2a6b4ab0eb06c6942766df48ffb57b4f340ccd",
    step => "parseSource",
    time => 1514406149,
  }, "Manifest");
  $a->{parsedCmds}[0] = $a->{app};
  $a;
}